[root@k8s-master001 charts]# helm install stable/rabbitmq-ha --name rabbitmq-ha
NAME:   rabbitmq-ha
LAST DEPLOYED: Wed Sep  2 23:25:03 2020
NAMESPACE: default
STATUS: DEPLOYED

RESOURCES:
==> v1/ConfigMap
NAME         DATA  AGE
rabbitmq-ha  2     0s

==> v1/Pod(related)
NAME           READY  STATUS    RESTARTS  AGE
rabbitmq-ha-0  0/1    Init:0/1  0         0s

==> v1/PrometheusRule
NAME                         AGE
rabbitmq-ha-rabbitmq-alerts  0s

==> v1/Role
NAME         AGE
rabbitmq-ha  0s

==> v1/RoleBinding
NAME         AGE
rabbitmq-ha  0s

==> v1/Secret
NAME         TYPE    DATA  AGE
rabbitmq-ha  Opaque  6     0s

==> v1/Service
NAME                   TYPE       CLUSTER-IP      EXTERNAL-IP  PORT(S)                      AGE
rabbitmq-ha            ClusterIP  10.106.139.215  <none>       15672/TCP,5672/TCP,4369/TCP  0s
rabbitmq-ha-discovery  ClusterIP  None            <none>       15672/TCP,5672/TCP,4369/TCP  0s

==> v1/ServiceAccount
NAME         SECRETS  AGE
rabbitmq-ha  1        0s

==> v1/StatefulSet
NAME         READY  AGE
rabbitmq-ha  0/3    0s


NOTES:
** Please be patient while the chart is being deployed **

  Credentials:

    Username            : guest
    Password            : $(kubectl get secret --namespace default rabbitmq-ha -o jsonpath="{.data.rabbitmq-password}" | base64 --decode)
    Management username : kuaiban
    Management password : $(kubectl get secret --namespace default rabbitmq-ha -o jsonpath="{.data.rabbitmq-management-password}" | base64 --decode)
    ErLang Cookie       : $(kubectl get secret --namespace default rabbitmq-ha -o jsonpath="{.data.rabbitmq-erlang-cookie}" | base64 --decode)

  RabbitMQ can be accessed within the cluster on port 5672 at rabbitmq-ha.default.svc.cluster.local

  To access the cluster externally execute the following commands:

    export POD_NAME=$(kubectl get pods --namespace default -l "app=rabbitmq-ha" -o jsonpath="{.items[0].metadata.name}")
    kubectl port-forward $POD_NAME --namespace default 5672:5672 15672:15672

  To Access the RabbitMQ AMQP port:

    amqp://127.0.0.1:5672/ 

  To Access the RabbitMQ Management interface:

    URL : http://127.0.0.1:15672


=================
 kubectl port-forward $POD_NAME --address 0.0.0.0 --namespace default 5672:5672 15672:15672
